<?xml version="1.0" encoding="UTF-8"?>
<!-- Generated by org.testng.reporters.JUnitXMLReporter -->
<testsuite hostname="LAPTOP-AUM1F61A" ignored="2" name="Test" tests="3" failures="0" timestamp="2020-03-03T10:45:35 IST" time="0.088" errors="0">
  <testcase name="method5" time="0.014" classname="com.prcatice.testnglister.testngpractice"/>
  <testcase name="methodTest2" time="0.001" classname="com.prcatice.testnglister.testngpractice"/>
  <testcase name="methodTest3" time="0.002" classname="com.prcatice.testnglister.testngpractice"/>
  <testcase name="method7" time="0.0" classname="com.prcatice.testnglister.testngpractice">
    <ignored/>
  </testcase> <!-- method7 -->
  <testcase name="method6" time="0.0" classname="com.prcatice.testnglister.testngpractice">
    <ignored/>
  </testcase> <!-- method6 -->
</testsuite> <!-- Test -->
