<?xml version="1.0" encoding="UTF-8"?>
<testng-results skipped="0" failed="0" ignored="4" total="5" passed="1">
  <reporter-output>
  </reporter-output>
  <suite name="Default suite" duration-ms="30779" started-at="2020-04-07T10:09:10 IST" finished-at="2020-04-07T10:09:40 IST">
    <groups>
    </groups>
    <test name="Default test" duration-ms="30779" started-at="2020-04-07T10:09:10 IST" finished-at="2020-04-07T10:09:40 IST">
      <class name="com.practice.command.BrowserCommand">
        <test-method status="PASS" signature="SetUp()[pri:0, instance:com.practice.command.BrowserCommand@1877ab81]" name="SetUp" is-config="true" duration-ms="19531" started-at="2020-04-07T10:09:10 IST" finished-at="2020-04-07T10:09:29 IST">
          <reporter-output>
          </reporter-output>
        </test-method> <!-- SetUp -->
        <test-method status="PASS" signature="javaScriptExecuteDemo()[pri:0, instance:com.practice.command.BrowserCommand@1877ab81]" name="javaScriptExecuteDemo" duration-ms="2072" started-at="2020-04-07T10:09:29 IST" finished-at="2020-04-07T10:09:31 IST">
          <reporter-output>
          </reporter-output>
        </test-method> <!-- javaScriptExecuteDemo -->
        <test-method status="FAIL" signature="tearDown()[pri:0, instance:com.practice.command.BrowserCommand@1877ab81]" name="tearDown" is-config="true" duration-ms="9104" started-at="2020-04-07T10:09:31 IST" finished-at="2020-04-07T10:09:40 IST">
          <exception class="org.openqa.selenium.WebDriverException">
            <message>
              <![CDATA[chrome not reachable
  (Session info: chrome=80.0.3987.149)
Build info: version: '3.141.59', revision: 'e82be7d358', time: '2018-11-14T08:17:03'
System info: host: 'LAPTOP-AUM1F61A', ip: '192.168.137.1', os.name: 'Windows 10', os.arch: 'amd64', os.version: '10.0', java.version: '1.8.0_241'
Driver info: org.openqa.selenium.chrome.ChromeDriver
Capabilities {acceptInsecureCerts: false, browserName: chrome, browserVersion: 80.0.3987.149, chrome: {chromedriverVersion: 80.0.3987.106 (f68069574609..., userDataDir: C:\Users\PRADEEP\AppData\Lo...}, goog:chromeOptions: {debuggerAddress: localhost:52953}, javascriptEnabled: true, networkConnectionEnabled: false, pageLoadStrategy: normal, platform: WINDOWS, platformName: WINDOWS, proxy: Proxy(), setWindowRect: true, strictFileInteractability: false, timeouts: {implicit: 0, pageLoad: 300000, script: 30000}, unhandledPromptBehavior: dismiss and notify}
Session ID: 2ac2364b3d7b03431701572f3f48a849]]>
            </message>
            <full-stacktrace>
              <![CDATA[org.openqa.selenium.WebDriverException: chrome not reachable
  (Session info: chrome=80.0.3987.149)
Build info: version: '3.141.59', revision: 'e82be7d358', time: '2018-11-14T08:17:03'
System info: host: 'LAPTOP-AUM1F61A', ip: '192.168.137.1', os.name: 'Windows 10', os.arch: 'amd64', os.version: '10.0', java.version: '1.8.0_241'
Driver info: org.openqa.selenium.chrome.ChromeDriver
Capabilities {acceptInsecureCerts: false, browserName: chrome, browserVersion: 80.0.3987.149, chrome: {chromedriverVersion: 80.0.3987.106 (f68069574609..., userDataDir: C:\Users\PRADEEP\AppData\Lo...}, goog:chromeOptions: {debuggerAddress: localhost:52953}, javascriptEnabled: true, networkConnectionEnabled: false, pageLoadStrategy: normal, platform: WINDOWS, platformName: WINDOWS, proxy: Proxy(), setWindowRect: true, strictFileInteractability: false, timeouts: {implicit: 0, pageLoad: 300000, script: 30000}, unhandledPromptBehavior: dismiss and notify}
Session ID: 2ac2364b3d7b03431701572f3f48a849
at sun.reflect.NativeConstructorAccessorImpl.newInstance0(Native Method)
at sun.reflect.NativeConstructorAccessorImpl.newInstance(Unknown Source)
at sun.reflect.DelegatingConstructorAccessorImpl.newInstance(Unknown Source)
at java.lang.reflect.Constructor.newInstance(Unknown Source)
at org.openqa.selenium.remote.http.W3CHttpResponseCodec.createException(W3CHttpResponseCodec.java:187)
at org.openqa.selenium.remote.http.W3CHttpResponseCodec.decode(W3CHttpResponseCodec.java:122)
at org.openqa.selenium.remote.http.W3CHttpResponseCodec.decode(W3CHttpResponseCodec.java:49)
at org.openqa.selenium.remote.HttpCommandExecutor.execute(HttpCommandExecutor.java:158)
at org.openqa.selenium.remote.service.DriverCommandExecutor.execute(DriverCommandExecutor.java:83)
at org.openqa.selenium.remote.RemoteWebDriver.execute(RemoteWebDriver.java:552)
at org.openqa.selenium.remote.RemoteWebDriver.execute(RemoteWebDriver.java:609)
at org.openqa.selenium.remote.RemoteWebDriver.close(RemoteWebDriver.java:442)
at com.practice.command.BrowserCommand.tearDown(BrowserCommand.java:95)
at sun.reflect.NativeMethodAccessorImpl.invoke0(Native Method)
at sun.reflect.NativeMethodAccessorImpl.invoke(Unknown Source)
at sun.reflect.DelegatingMethodAccessorImpl.invoke(Unknown Source)
at java.lang.reflect.Method.invoke(Unknown Source)
at org.testng.internal.MethodInvocationHelper.invokeMethod(MethodInvocationHelper.java:133)
at org.testng.internal.MethodInvocationHelper.invokeMethodConsideringTimeout(MethodInvocationHelper.java:62)
at org.testng.internal.ConfigInvoker.invokeConfigurationMethod(ConfigInvoker.java:340)
at org.testng.internal.ConfigInvoker.invokeConfigurations(ConfigInvoker.java:294)
at org.testng.internal.TestInvoker.runConfigMethods(TestInvoker.java:683)
at org.testng.internal.TestInvoker.runAfterGroupsConfigurations(TestInvoker.java:658)
at org.testng.internal.TestInvoker.invokeMethod(TestInvoker.java:642)
at org.testng.internal.TestInvoker.invokeTestMethod(TestInvoker.java:172)
at org.testng.internal.MethodRunner.runInSequence(MethodRunner.java:46)
at org.testng.internal.TestInvoker$MethodInvocationAgent.invoke(TestInvoker.java:804)
at org.testng.internal.TestInvoker.invokeTestMethods(TestInvoker.java:145)
at org.testng.internal.TestMethodWorker.invokeTestMethods(TestMethodWorker.java:146)
at org.testng.internal.TestMethodWorker.run(TestMethodWorker.java:128)
at java.util.ArrayList.forEach(Unknown Source)
at org.testng.TestRunner.privateRun(TestRunner.java:770)
at org.testng.TestRunner.run(TestRunner.java:591)
at org.testng.SuiteRunner.runTest(SuiteRunner.java:402)
at org.testng.SuiteRunner.runSequentially(SuiteRunner.java:396)
at org.testng.SuiteRunner.privateRun(SuiteRunner.java:355)
at org.testng.SuiteRunner.run(SuiteRunner.java:304)
at org.testng.SuiteRunnerWorker.runSuite(SuiteRunnerWorker.java:53)
at org.testng.SuiteRunnerWorker.run(SuiteRunnerWorker.java:96)
at org.testng.TestNG.runSuitesSequentially(TestNG.java:1180)
at org.testng.TestNG.runSuitesLocally(TestNG.java:1102)
at org.testng.TestNG.runSuites(TestNG.java:1032)
at org.testng.TestNG.run(TestNG.java:1000)
at org.testng.remote.AbstractRemoteTestNG.run(AbstractRemoteTestNG.java:115)
at org.testng.remote.RemoteTestNG.initAndRun(RemoteTestNG.java:251)
at org.testng.remote.RemoteTestNG.main(RemoteTestNG.java:77)
]]>
            </full-stacktrace>
          </exception> <!-- org.openqa.selenium.WebDriverException -->
          <reporter-output>
          </reporter-output>
        </test-method> <!-- tearDown -->
      </class> <!-- com.practice.command.BrowserCommand -->
    </test> <!-- Default test -->
  </suite> <!-- Default suite -->
</testng-results>
