<?xml version="1.0" encoding="UTF-8"?>
<testng-results skipped="0" failed="0" ignored="0" total="4" passed="4">
  <reporter-output>
  </reporter-output>
  <suite name="Default suite" duration-ms="782" started-at="2020-02-13T17:14:41 IST" finished-at="2020-02-13T17:14:42 IST">
    <groups>
    </groups>
    <test name="Default test" duration-ms="782" started-at="2020-02-13T17:14:41 IST" finished-at="2020-02-13T17:14:42 IST">
      <class name="com.practice.poiapi.TestExcelData">
        <test-method status="PASS" signature="Test(java.util.HashMap)[pri:0, instance:com.practice.poiapi.TestExcelData@4b1c1ea0]" name="Test" duration-ms="14" started-at="2020-02-13T17:14:41 IST" data-provider="getData" finished-at="2020-02-13T17:14:41 IST">
          <params>
            <param index="0">
              <value>
                <![CDATA[{BROWSER=CHROME, RUNMODE=Y, PASSWORD=pkub, ACTUAL RESULT =, EXPECTED RESULT=failed, USERID=abcpu, TEST RESULT=}]]>
              </value>
            </param>
          </params>
          <reporter-output>
          </reporter-output>
        </test-method> <!-- Test -->
        <test-method status="PASS" signature="Test(java.util.HashMap)[pri:0, instance:com.practice.poiapi.TestExcelData@4b1c1ea0]" name="Test" duration-ms="2" started-at="2020-02-13T17:14:42 IST" data-provider="getData" finished-at="2020-02-13T17:14:42 IST">
          <params>
            <param index="0">
              <value>
                <![CDATA[{BROWSER=CHROME, RUNMODE=Y, PASSWORD=udAhydy, ACTUAL RESULT =, EXPECTED RESULT=pass, USERID=mngr243120, TEST RESULT=}]]>
              </value>
            </param>
          </params>
          <reporter-output>
          </reporter-output>
        </test-method> <!-- Test -->
        <test-method status="PASS" signature="Test(java.util.HashMap)[pri:0, instance:com.practice.poiapi.TestExcelData@4b1c1ea0]" name="Test" duration-ms="2" started-at="2020-02-13T17:14:42 IST" data-provider="getData" finished-at="2020-02-13T17:14:42 IST">
          <params>
            <param index="0">
              <value>
                <![CDATA[{BROWSER=FIRFOX, RUNMODE=Y, PASSWORD=UTGJJG, ACTUAL RESULT =, EXPECTED RESULT=PASS, USERID=HJDK44, TEST RESULT=}]]>
              </value>
            </param>
          </params>
          <reporter-output>
          </reporter-output>
        </test-method> <!-- Test -->
        <test-method status="PASS" signature="Test(java.util.HashMap)[pri:0, instance:com.practice.poiapi.TestExcelData@4b1c1ea0]" name="Test" duration-ms="2" started-at="2020-02-13T17:14:42 IST" data-provider="getData" finished-at="2020-02-13T17:14:42 IST">
          <params>
            <param index="0">
              <value>
                <![CDATA[{BROWSER= IE, RUNMODE=Y, PASSWORD=JFJJGJG44, ACTUAL RESULT =, EXPECTED RESULT=FAIL, USERID=JFJFJF434, TEST RESULT=}]]>
              </value>
            </param>
          </params>
          <reporter-output>
          </reporter-output>
        </test-method> <!-- Test -->
      </class> <!-- com.practice.poiapi.TestExcelData -->
    </test> <!-- Default test -->
  </suite> <!-- Default suite -->
</testng-results>
